<?xml version="1.0" encoding="UTF-8" ?>
<testsuite tests="3" failures="0" name="com.xsw.rpc.common.utils.ReflectionUtilsTest" time="0.002" errors="0" skipped="0">
  <properties>
[...]
</properties>
  <testcase classname="com.xsw.rpc.common.utils.ReflectionUtilsTest" name="testGetPublicMethods" time="0.002"/>
  <testcase classname="com.xsw.rpc.common.utils.ReflectionUtilsTest" name="testNewInstance" time="0"/>
  <testcase classname="com.xsw.rpc.common.utils.ReflectionUtilsTest" name="testInvoke" time="0"/>
</testsuite>